Skipping compilation of /Users/maruthi/Documents/dev/summer-projects/random/golem/sim/build_block/sim.vvp
     -.--ns INFO     gpi                                ..mbed/gpi_embed.cpp:94   in _embed_init_python              Using Python 3.11.9 interpreter at /Users/maruthi/Documents/dev/summer-projects/random/golem/.venv/bin/python3
     -.--ns INFO     gpi                                ../gpi/GpiCommon.cpp:79   in gpi_print_registered_impl       VPI registered
     0.00ns INFO     cocotb                             Running on Icarus Verilog version 13.0 (stable)
     0.00ns INFO     cocotb                             Seeding Python random module with 1784698393
     0.00ns INFO     cocotb                             Initialized cocotb v2.0.1 from /Users/maruthi/Documents/dev/summer-projects/random/golem/.venv/lib/python3.11/site-packages/cocotb
     0.00ns INFO     cocotb                             Running tests
     0.00ns INFO     cocotb.regression                  running conductor.generate (1/1)
13750590.00ns INFO     cocotb.block                       pos 0: rtl=437 golden=437 ok
27529950.00ns INFO     cocotb.block                       pos 1: rtl=446 golden=446 ok
41343230.00ns INFO     cocotb.block                       pos 2: rtl=259 golden=259 ok
55190430.00ns INFO     cocotb.block                       pos 3: rtl=403 golden=403 ok
69071550.00ns INFO     cocotb.block                       pos 4: rtl=12 golden=12 ok
82986590.00ns INFO     cocotb.block                       pos 5: rtl=407 golden=407 ok
96935550.00ns INFO     cocotb.block                       pos 6: rtl=283 golden=283 ok
110918430.00ns INFO     cocotb.block                       pos 7: rtl=259 golden=259 ok
124935230.00ns INFO     cocotb.block                       pos 8: rtl=397 golden=397 ok
138985950.00ns INFO     cocotb.block                       pos 9: rtl=485 golden=485 ok
153070590.00ns INFO     cocotb.block                       pos 10: rtl=408 golden=408 ok
167189150.00ns INFO     cocotb.block                       pos 11: rtl=412 golden=412 ok
181341630.00ns INFO     cocotb.block                       pos 12: rtl=14 golden=14 ok
195528030.00ns INFO     cocotb.block                       pos 13: rtl=341 golden=341 ok
209748350.00ns INFO     cocotb.block                       pos 14: rtl=510 golden=510 ok
224002590.00ns INFO     cocotb.block                       pos 15: rtl=266 golden=266 ok
238290750.00ns INFO     cocotb.block                       pos 16: rtl=327 golden=327 ok
252612830.00ns INFO     cocotb.block                       pos 17: rtl=330 golden=330 ok
266968830.00ns INFO     cocotb.block                       pos 18: rtl=337 golden=337 ok
281358750.00ns INFO     cocotb.block                       pos 19: rtl=621 golden=621 ok
295782590.00ns INFO     cocotb.block                       pos 20: rtl=267 golden=267 ok
310240350.00ns INFO     cocotb.block                       pos 21: rtl=538 golden=538 ok
324732030.00ns INFO     cocotb.block                       pos 22: rtl=369 golden=369 ok
339257630.00ns INFO     cocotb.block                       pos 23: rtl=450 golden=450 ok
353817150.00ns INFO     cocotb.block                       pos 24: rtl=1549 golden=1549 ok
368410590.00ns INFO     cocotb.block                       pos 25: rtl=14 golden=14 ok
383037950.00ns INFO     cocotb.block                       pos 26: rtl=535 golden=535 ok
397699230.00ns INFO     cocotb.block                       pos 27: rtl=329 golden=329 ok
412394430.00ns INFO     cocotb.block                       pos 28: rtl=12 golden=12 ok
427123550.00ns INFO     cocotb.block                       pos 29: rtl=398 golden=398 ok
441886590.00ns INFO     cocotb.block                       pos 30: rtl=513 golden=513 ok
456683550.00ns INFO     cocotb.block                       pos 31: rtl=259 golden=259 ok
471514430.00ns INFO     cocotb.block                       pos 32: rtl=347 golden=347 ok
486379230.00ns INFO     cocotb.block                       pos 33: rtl=626 golden=626 ok
501277950.00ns INFO     cocotb.block                       pos 34: rtl=315 golden=315 ok
516210590.00ns INFO     cocotb.block                       pos 35: rtl=337 golden=337 ok
531177150.00ns INFO     cocotb.block                       pos 36: rtl=716 golden=716 ok
546177630.00ns INFO     cocotb.block                       pos 37: rtl=14 golden=14 ok
561212030.00ns INFO     cocotb.block                       pos 38: rtl=341 golden=341 ok
576280350.00ns INFO     cocotb.block                       pos 39: rtl=283 golden=283 ok
591382590.00ns INFO     cocotb.block                       pos 40: rtl=385 golden=385 ok
606518750.00ns INFO     cocotb.block                       pos 41: rtl=738 golden=738 ok
621688830.00ns INFO     cocotb.block                       pos 42: rtl=266 golden=266 ok
636892830.00ns INFO     cocotb.block                       pos 43: rtl=546 golden=546 ok
652130750.00ns INFO     cocotb.block                       pos 44: rtl=585 golden=585 ok
667402590.00ns INFO     cocotb.block                       pos 45: rtl=283 golden=283 ok
682708350.00ns INFO     cocotb.block                       pos 46: rtl=752 golden=752 ok
698048030.00ns INFO     cocotb.block                       pos 47: rtl=14 golden=14 ok
713421630.00ns INFO     cocotb.block                       pos 48: rtl=199 golden=199 ok
728829150.00ns INFO     cocotb.block                       pos 49: rtl=674 golden=674 ok
744270590.00ns INFO     cocotb.block                       pos 50: rtl=915 golden=915 ok
759745950.00ns INFO     cocotb.block                       pos 51: rtl=263 golden=263 ok
775255230.00ns INFO     cocotb.block                       pos 52: rtl=626 golden=626 ok
790798430.00ns INFO     cocotb.block                       pos 53: rtl=267 golden=267 ok
806375550.00ns INFO     cocotb.block                       pos 54: rtl=513 golden=513 ok
821986590.00ns INFO     cocotb.block                       pos 55: rtl=259 golden=259 ok
837631550.00ns INFO     cocotb.block                       pos 56: rtl=347 golden=347 ok
853310430.00ns INFO     cocotb.block                       pos 57: rtl=12 golden=12 ok
869023230.00ns INFO     cocotb.block                       pos 58: rtl=1039 golden=1039 ok
884769950.00ns INFO     cocotb.block                       pos 59: rtl=1900 golden=1900 ok
884769950.00ns INFO     cocotb.block                       PASS: 60 tokens bit-exact vs golden greedy
884769950.00ns INFO     cocotb.regression                  conductor.generate passed
884769950.00ns INFO     cocotb.regression                  **************************************************************************************
                                                           ** TEST                          STATUS  SIM TIME (ns)  REAL TIME (s)  RATIO (ns/s) **
                                                           **************************************************************************************
                                                           ** conductor.generate             PASS   884769950.00        4502.05     196525.92  **
                                                           **************************************************************************************
                                                           ** TESTS=1 PASS=1 FAIL=0 SKIP=0          884769950.00        4502.06     196525.50  **
                                                           **************************************************************************************
